[debug] [2026-04-08T12:49:30.071Z] ----------------------------------------------------------------------
[debug] [2026-04-08T12:49:30.073Z] Command:       C:\Program Files\nodejs\node.exe C:\Users\djpress\AppData\Roaming\npm\node_modules\firebase-tools\lib\bin\firebase.js projects:list --json
[debug] [2026-04-08T12:49:30.073Z] CLI Version:   14.12.0
[debug] [2026-04-08T12:49:30.073Z] Platform:      win32
[debug] [2026-04-08T12:49:30.074Z] Node Version:  v24.4.1
[debug] [2026-04-08T12:49:30.074Z] Time:          Wed Apr 08 2026 08:49:30 GMT-0400 (Eastern Daylight Time)
[debug] [2026-04-08T12:49:30.074Z] ----------------------------------------------------------------------
[debug] 
[debug] [2026-04-08T12:49:30.076Z] >>> [apiv2][query] GET https://firebase-public.firebaseio.com/cli.json [none]
[debug] [2026-04-08T12:49:30.119Z] > command requires scopes: ["email","openid","https://www.googleapis.com/auth/cloudplatformprojects.readonly","https://www.googleapis.com/auth/firebase","https://www.googleapis.com/auth/cloud-platform"]
[debug] [2026-04-08T12:49:30.120Z] > authorizing via signed-in user (ianfran9335@gmail.com)
[debug] [2026-04-08T12:49:30.123Z] Checked if tokens are valid: false, expires at: 1755652020802
[debug] [2026-04-08T12:49:30.123Z] Checked if tokens are valid: false, expires at: 1755652020802
[debug] [2026-04-08T12:49:30.123Z] > refreshing access token with scopes: []
[debug] [2026-04-08T12:49:30.124Z] >>> [apiv2][query] POST https://www.googleapis.com/oauth2/v3/token [none]
[debug] [2026-04-08T12:49:30.124Z] >>> [apiv2][body] POST https://www.googleapis.com/oauth2/v3/token [omitted]
[debug] [2026-04-08T12:49:30.231Z] <<< [apiv2][status] POST https://www.googleapis.com/oauth2/v3/token 400
[debug] [2026-04-08T12:49:30.232Z] <<< [apiv2][body] POST https://www.googleapis.com/oauth2/v3/token [omitted]
[debug] [2026-04-08T12:49:30.232Z] >>> [apiv2][query] GET https://firebase.googleapis.com/v1beta1/projects pageSize=1000
[debug] [2026-04-08T12:49:30.245Z] <<< [apiv2][status] GET https://firebase-public.firebaseio.com/cli.json 200
[debug] [2026-04-08T12:49:30.245Z] <<< [apiv2][body] GET https://firebase-public.firebaseio.com/cli.json {"cloudBuildErrorAfter":1594252800000,"cloudBuildWarnAfter":1590019200000,"defaultNode10After":1594252800000,"minVersion":"3.0.5","node8DeploysDisabledAfter":1613390400000,"node8RuntimeDisabledAfter":1615809600000,"node8WarnAfter":1600128000000}
[debug] [2026-04-08T12:49:30.355Z] <<< [apiv2][status] GET https://firebase.googleapis.com/v1beta1/projects 401
[debug] [2026-04-08T12:49:30.355Z] <<< [apiv2][body] GET https://firebase.googleapis.com/v1beta1/projects [omitted]
[debug] [2026-04-08T12:49:30.356Z] Got a 401 Unauthenticated error for a call that required authentication. Refreshing tokens.
[debug] [2026-04-08T12:49:30.356Z] Checked if tokens are valid: false, expires at: 1755652020802
[debug] [2026-04-08T12:49:30.356Z] Checked if tokens are valid: false, expires at: 1755652020802
[debug] [2026-04-08T12:49:30.356Z] > refreshing access token with scopes: []
[debug] [2026-04-08T12:49:30.356Z] >>> [apiv2][query] POST https://www.googleapis.com/oauth2/v3/token [none]
[debug] [2026-04-08T12:49:30.356Z] >>> [apiv2][body] POST https://www.googleapis.com/oauth2/v3/token [omitted]
[debug] [2026-04-08T12:49:30.399Z] <<< [apiv2][status] POST https://www.googleapis.com/oauth2/v3/token 400
[debug] [2026-04-08T12:49:30.400Z] <<< [apiv2][body] POST https://www.googleapis.com/oauth2/v3/token [omitted]
[debug] [2026-04-08T12:49:30.400Z] Request to https://firebase.googleapis.com/v1beta1/projects?pageSize=1000 had HTTP Error: 401, Request had invalid authentication credentials. Expected OAuth 2 access token, login cookie or other valid authentication credential. See https://developers.google.com/identity/sign-in/web/devconsole-project.
[debug] [2026-04-08T12:49:30.522Z] FirebaseError: Request to https://firebase.googleapis.com/v1beta1/projects?pageSize=1000 had HTTP Error: 401, Request had invalid authentication credentials. Expected OAuth 2 access token, login cookie or other valid authentication credential. See https://developers.google.com/identity/sign-in/web/devconsole-project.
    at responseToError (C:\Users\djpress\AppData\Roaming\npm\node_modules\firebase-tools\lib\responseToError.js:52:12)
    at RetryOperation._fn (C:\Users\djpress\AppData\Roaming\npm\node_modules\firebase-tools\lib\apiv2.js:312:77)
    at process.processTicksAndRejections (node:internal/process/task_queues:105:5)
[error] 
[error] Error: Failed to list Firebase projects. See firebase-debug.log for more info.
